[ 2014-05-11T16:46:39+08:00 ] 183.4.12.191 /index.php
INFO: [ app_begin ] --START--
INFO: ReadHtmlCache Behavior ::run [ RunTime:0.000989s ]
INFO: [ app_begin ] --END-- [ RunTime:0.001069s ]
SQL: SHOW COLUMNS FROM `wf_site` [ RunTime:0.000904s ]
SQL: SELECT * FROM `wf_site` WHERE ( `id` = 1 ) LIMIT 1   [ RunTime:0.000094s ]
SQL: SHOW COLUMNS FROM `wf_advertise` [ RunTime:0.000900s ]
SQL: SELECT `id`,`title`,`url`,`images` FROM `wf_advertise` WHERE ( `position` = 1 ) ORDER BY sort asc  [ RunTime:0.000088s ]
INFO: [ view_parse ] --START--
NOTIC: [8] Undefined variable: test /var/www/wfcms/Runtime/Cache/Index/d7b0224c1de92bf80793a3176fd309e6.php 第 14 行.
INFO: ParseTemplate Behavior ::run [ RunTime:0.055377s ]
INFO: [ view_parse ] --END-- [ RunTime:0.055452s ]
INFO: [ view_filter ] --START--
INFO: ContentReplace Behavior ::run [ RunTime:0.000556s ]
INFO: TokenBuild Behavior ::run [ RunTime:0.000527s ]
INFO: WriteHtmlCache Behavior ::run [ RunTime:0.000353s ]
INFO: ShowRuntime Behavior ::run [ RunTime:0.000509s ]
INFO: [ view_filter ] --END-- [ RunTime:0.002087s ]
INFO: [ view_end ] --START--
INFO: ShowPageTrace Behavior ::run [ RunTime:0.000642s ]
INFO: [ view_end ] --END-- [ RunTime:0.000688s ]

[ 2014-05-11T16:47:03+08:00 ] 183.4.12.191 /index.php?g=Index&m=Index&a=index
INFO: [ app_begin ] --START--
INFO: ReadHtmlCache Behavior ::run [ RunTime:0.000453s ]
INFO: [ app_begin ] --END-- [ RunTime:0.000537s ]
SQL: SHOW COLUMNS FROM `wf_site` [ RunTime:0.001045s ]
SQL: SELECT * FROM `wf_site` WHERE ( `id` = 1 ) LIMIT 1   [ RunTime:0.000132s ]
SQL: SHOW COLUMNS FROM `wf_advertise` [ RunTime:0.000789s ]
SQL: SELECT `id`,`title`,`url`,`images` FROM `wf_advertise` WHERE ( `position` = 1 ) ORDER BY sort asc  [ RunTime:0.000093s ]
INFO: [ view_parse ] --START--
NOTIC: [8] Undefined variable: test /var/www/wfcms/Runtime/Cache/Index/d7b0224c1de92bf80793a3176fd309e6.php 第 14 行.
INFO: ParseTemplate Behavior ::run [ RunTime:0.009600s ]
INFO: [ view_parse ] --END-- [ RunTime:0.009657s ]
INFO: [ view_filter ] --START--
INFO: ContentReplace Behavior ::run [ RunTime:0.000270s ]
INFO: TokenBuild Behavior ::run [ RunTime:0.000334s ]
INFO: WriteHtmlCache Behavior ::run [ RunTime:0.000206s ]
INFO: ShowRuntime Behavior ::run [ RunTime:0.000354s ]
INFO: [ view_filter ] --END-- [ RunTime:0.001302s ]
INFO: [ view_end ] --START--
INFO: ShowPageTrace Behavior ::run [ RunTime:0.000375s ]
INFO: [ view_end ] --END-- [ RunTime:0.000437s ]

