[ 2014-05-05T15:00:50+08:00 ] 183.4.1.111 /index.php
INFO: [ app_begin ] --START--
INFO: ReadHtmlCache Behavior ::run [ RunTime:0.000979s ]
INFO: [ app_begin ] --END-- [ RunTime:0.001071s ]
SQL: SHOW COLUMNS FROM `wf_site` [ RunTime:0.023711s ]
SQL: SELECT * FROM `wf_site` WHERE ( `id` = 1 ) LIMIT 1   [ RunTime:0.000122s ]
SQL: SHOW COLUMNS FROM `wf_advertise` [ RunTime:0.027770s ]
SQL: SELECT `id`,`title`,`url`,`images` FROM `wf_advertise` WHERE ( `position` = 1 ) ORDER BY sort asc  [ RunTime:0.000131s ]
INFO: [ view_parse ] --START--
INFO: ParseTemplate Behavior ::run [ RunTime:0.063256s ]
INFO: [ view_parse ] --END-- [ RunTime:0.063374s ]
INFO: [ view_filter ] --START--
INFO: ContentReplace Behavior ::run [ RunTime:0.000534s ]
INFO: TokenBuild Behavior ::run [ RunTime:0.000583s ]
INFO: WriteHtmlCache Behavior ::run [ RunTime:0.000462s ]
INFO: ShowRuntime Behavior ::run [ RunTime:0.000520s ]
INFO: [ view_filter ] --END-- [ RunTime:0.002256s ]
INFO: [ view_end ] --START--
INFO: ShowPageTrace Behavior ::run [ RunTime:0.000683s ]
INFO: [ view_end ] --END-- [ RunTime:0.000746s ]

[ 2014-05-05T15:00:50+08:00 ] 183.4.1.111 /index.php
INFO: [ app_begin ] --START--
INFO: ReadHtmlCache Behavior ::run [ RunTime:0.000381s ]
INFO: [ app_begin ] --END-- [ RunTime:0.000465s ]
SQL: SHOW COLUMNS FROM `wf_site` [ RunTime:0.006202s ]
SQL: SELECT * FROM `wf_site` WHERE ( `id` = 1 ) LIMIT 1   [ RunTime:0.000121s ]
SQL: SHOW COLUMNS FROM `wf_advertise` [ RunTime:0.034479s ]
SQL: SELECT `id`,`title`,`url`,`images` FROM `wf_advertise` WHERE ( `position` = 1 ) ORDER BY sort asc  [ RunTime:0.000097s ]
INFO: [ view_parse ] --START--
NOTIC: [8] Undefined variable: test /var/www/wfcms/Runtime/Cache/Index/d7b0224c1de92bf80793a3176fd309e6.php 第 14 行.
INFO: ParseTemplate Behavior ::run [ RunTime:0.070242s ]
INFO: [ view_parse ] --END-- [ RunTime:0.070315s ]
INFO: [ view_filter ] --START--
INFO: ContentReplace Behavior ::run [ RunTime:0.000474s ]
INFO: TokenBuild Behavior ::run [ RunTime:0.000447s ]
INFO: WriteHtmlCache Behavior ::run [ RunTime:0.000213s ]
INFO: ShowRuntime Behavior ::run [ RunTime:0.000464s ]
INFO: [ view_filter ] --END-- [ RunTime:0.001804s ]
INFO: [ view_end ] --START--
INFO: ShowPageTrace Behavior ::run [ RunTime:0.000472s ]
INFO: [ view_end ] --END-- [ RunTime:0.000528s ]

[ 2014-05-05T15:02:14+08:00 ] 183.4.1.111 /index.php?g=Index&m=Index&a=about
INFO: [ app_begin ] --START--
INFO: ReadHtmlCache Behavior ::run [ RunTime:0.000357s ]
INFO: [ app_begin ] --END-- [ RunTime:0.000426s ]
SQL: SHOW COLUMNS FROM `wf_site` [ RunTime:0.001181s ]
SQL: SELECT * FROM `wf_site` WHERE ( `id` = 1 ) LIMIT 1   [ RunTime:0.000131s ]
SQL: SHOW COLUMNS FROM `wf_category` [ RunTime:0.000856s ]
SQL: SELECT `id`,`name`,`type`,`images` FROM `wf_category` WHERE ( `parent_id` = 9 ) ORDER BY sort asc,id desc  [ RunTime:0.000123s ]
NOTIC: [8] Indirect modification of overloaded property IndexAction::$category has no effect /var/www/wfcms/Modules/Index/Action/IndexAction.class.php 第 42 行.
SQL: SHOW COLUMNS FROM `wf_news` [ RunTime:0.000890s ]
SQL: SELECT * FROM `wf_news` WHERE ( `parent_id` = 23 ) LIMIT 1   [ RunTime:0.000103s ]
INFO: [ view_parse ] --START--
NOTIC: [8] Undefined variable: test /var/www/wfcms/Runtime/Cache/Index/e91a89b95183f3a519a4a8aff8cdfcdb.php 第 14 行.
INFO: ParseTemplate Behavior ::run [ RunTime:0.031233s ]
INFO: [ view_parse ] --END-- [ RunTime:0.031295s ]
INFO: [ view_filter ] --START--
INFO: ContentReplace Behavior ::run [ RunTime:0.000293s ]
INFO: TokenBuild Behavior ::run [ RunTime:0.000275s ]
INFO: WriteHtmlCache Behavior ::run [ RunTime:0.000158s ]
INFO: ShowRuntime Behavior ::run [ RunTime:0.000289s ]
INFO: [ view_filter ] --END-- [ RunTime:0.001149s ]
INFO: [ view_end ] --START--
INFO: ShowPageTrace Behavior ::run [ RunTime:0.000444s ]
INFO: [ view_end ] --END-- [ RunTime:0.000511s ]

[ 2014-05-05T15:02:18+08:00 ] 183.4.1.111 /index.php?g=Index&m=Index&a=products
INFO: [ app_begin ] --START--
INFO: ReadHtmlCache Behavior ::run [ RunTime:0.000332s ]
INFO: [ app_begin ] --END-- [ RunTime:0.000398s ]
SQL: SHOW COLUMNS FROM `wf_site` [ RunTime:0.000984s ]
SQL: SELECT * FROM `wf_site` WHERE ( `id` = 1 ) LIMIT 1   [ RunTime:0.000094s ]
SQL: SHOW COLUMNS FROM `wf_category` [ RunTime:0.000824s ]
SQL: SELECT `id`,`name`,`type`,`images` FROM `wf_category` WHERE ( `parent_id` = 14 ) ORDER BY sort asc,id desc  [ RunTime:0.000077s ]
NOTIC: [8] Indirect modification of overloaded property IndexAction::$category has no effect /var/www/wfcms/Modules/Index/Action/IndexAction.class.php 第 82 行.
SQL: SHOW COLUMNS FROM `wf_product` [ RunTime:0.000908s ]
SQL: SELECT * FROM `wf_product` WHERE ( `parent_id` = 18 ) ORDER BY sort asc,id desc  [ RunTime:0.000086s ]
INFO: [ view_parse ] --START--
NOTIC: [8] Undefined variable: test /var/www/wfcms/Runtime/Cache/Index/48ae2883003b94f4b1e0af3f1275b892.php 第 14 行.
INFO: ParseTemplate Behavior ::run [ RunTime:0.013694s ]
INFO: [ view_parse ] --END-- [ RunTime:0.013759s ]
INFO: [ view_filter ] --START--
INFO: ContentReplace Behavior ::run [ RunTime:0.000361s ]
INFO: TokenBuild Behavior ::run [ RunTime:0.000361s ]
INFO: WriteHtmlCache Behavior ::run [ RunTime:0.000153s ]
INFO: ShowRuntime Behavior ::run [ RunTime:0.000294s ]
INFO: [ view_filter ] --END-- [ RunTime:0.001318s ]
INFO: [ view_end ] --START--
INFO: ShowPageTrace Behavior ::run [ RunTime:0.000468s ]
INFO: [ view_end ] --END-- [ RunTime:0.000523s ]

[ 2014-05-05T15:02:21+08:00 ] 183.4.1.111 /index.php?g=Index&m=Index&a=news
INFO: [ app_begin ] --START--
INFO: ReadHtmlCache Behavior ::run [ RunTime:0.000325s ]
INFO: [ app_begin ] --END-- [ RunTime:0.000387s ]
SQL: SHOW COLUMNS FROM `wf_site` [ RunTime:0.000910s ]
SQL: SELECT * FROM `wf_site` WHERE ( `id` = 1 ) LIMIT 1   [ RunTime:0.000110s ]
SQL: SHOW COLUMNS FROM `wf_category` [ RunTime:0.000781s ]
SQL: SELECT `id`,`name`,`type`,`images` FROM `wf_category` WHERE ( `parent_id` = 19 ) ORDER BY sort asc,id desc  [ RunTime:0.000089s ]
NOTIC: [8] Indirect modification of overloaded property IndexAction::$category has no effect /var/www/wfcms/Modules/Index/Action/IndexAction.class.php 第 54 行.
SQL: SHOW COLUMNS FROM `wf_news` [ RunTime:0.000932s ]
SQL: SELECT * FROM `wf_news` WHERE ( `status` = 1 ) AND ( `parent_id` = 20 ) ORDER BY sort asc,id desc  [ RunTime:0.000111s ]
INFO: [ view_parse ] --START--
NOTIC: [8] Undefined variable: test /var/www/wfcms/Runtime/Cache/Index/efe589502015cc33b77bb08cdf3a6f5b.php 第 14 行.
INFO: ParseTemplate Behavior ::run [ RunTime:0.014482s ]
INFO: [ view_parse ] --END-- [ RunTime:0.014574s ]
INFO: [ view_filter ] --START--
INFO: ContentReplace Behavior ::run [ RunTime:0.000516s ]
INFO: TokenBuild Behavior ::run [ RunTime:0.000323s ]
INFO: WriteHtmlCache Behavior ::run [ RunTime:0.000236s ]
INFO: ShowRuntime Behavior ::run [ RunTime:0.000304s ]
INFO: [ view_filter ] --END-- [ RunTime:0.001552s ]
INFO: [ view_end ] --START--
INFO: ShowPageTrace Behavior ::run [ RunTime:0.000514s ]
INFO: [ view_end ] --END-- [ RunTime:0.000574s ]

