[ 2014-07-18T10:02:59+08:00 ] 121.32.130.122 /index.php
INFO: [ app_begin ] --START--
INFO: ReadHtmlCache Behavior ::run [ RunTime:0.000903s ]
INFO: [ app_begin ] --END-- [ RunTime:0.001013s ]
SQL: SHOW COLUMNS FROM `wf_site` [ RunTime:0.062421s ]
SQL: SELECT * FROM `wf_site` WHERE ( `id` = 1 ) LIMIT 1   [ RunTime:0.000110s ]
SQL: SHOW COLUMNS FROM `wf_advertise` [ RunTime:0.016130s ]
SQL: SELECT `id`,`title`,`url`,`images` FROM `wf_advertise` WHERE ( `position` = 1 ) ORDER BY sort asc  [ RunTime:0.000098s ]
INFO: [ view_parse ] --START--
NOTIC: [8] Undefined variable: test /var/www/wfcms/Runtime/Cache/Index/d7b0224c1de92bf80793a3176fd309e6.php 第 14 行.
INFO: ParseTemplate Behavior ::run [ RunTime:0.071229s ]
INFO: [ view_parse ] --END-- [ RunTime:0.071290s ]
INFO: [ view_filter ] --START--
INFO: ContentReplace Behavior ::run [ RunTime:0.008508s ]
INFO: TokenBuild Behavior ::run [ RunTime:0.000702s ]
INFO: WriteHtmlCache Behavior ::run [ RunTime:0.000317s ]
INFO: ShowRuntime Behavior ::run [ RunTime:0.000514s ]
INFO: [ view_filter ] --END-- [ RunTime:0.010179s ]
INFO: [ view_end ] --START--
INFO: ShowPageTrace Behavior ::run [ RunTime:0.000619s ]
INFO: [ view_end ] --END-- [ RunTime:0.000668s ]

[ 2014-07-18T10:45:12+08:00 ] 121.32.130.122 /index.php
INFO: [ app_begin ] --START--
INFO: ReadHtmlCache Behavior ::run [ RunTime:0.003086s ]
INFO: [ app_begin ] --END-- [ RunTime:0.003196s ]
SQL: SHOW COLUMNS FROM `wf_site` [ RunTime:0.000950s ]
SQL: SELECT * FROM `wf_site` WHERE ( `id` = 1 ) LIMIT 1   [ RunTime:0.000116s ]
SQL: SHOW COLUMNS FROM `wf_advertise` [ RunTime:0.000670s ]
SQL: SELECT `id`,`title`,`url`,`images` FROM `wf_advertise` WHERE ( `position` = 1 ) ORDER BY sort asc  [ RunTime:0.000077s ]
INFO: [ view_parse ] --START--
NOTIC: [8] Undefined variable: test /var/www/wfcms/Runtime/Cache/Index/d7b0224c1de92bf80793a3176fd309e6.php 第 14 行.
INFO: ParseTemplate Behavior ::run [ RunTime:0.032702s ]
INFO: [ view_parse ] --END-- [ RunTime:0.032782s ]
INFO: [ view_filter ] --START--
INFO: ContentReplace Behavior ::run [ RunTime:0.000601s ]
INFO: TokenBuild Behavior ::run [ RunTime:0.000678s ]
INFO: WriteHtmlCache Behavior ::run [ RunTime:0.000451s ]
INFO: ShowRuntime Behavior ::run [ RunTime:0.000609s ]
INFO: [ view_filter ] --END-- [ RunTime:0.002540s ]
INFO: [ view_end ] --START--
INFO: ShowPageTrace Behavior ::run [ RunTime:0.000815s ]
INFO: [ view_end ] --END-- [ RunTime:0.000874s ]

