[ 2014-06-09T11:55:30+08:00 ] 121.32.130.122 /index.php
INFO: [ app_begin ] --START--
INFO: ReadHtmlCache Behavior ::run [ RunTime:0.000643s ]
INFO: [ app_begin ] --END-- [ RunTime:0.000717s ]
SQL: SHOW COLUMNS FROM `wf_site` [ RunTime:0.000958s ]
SQL: SELECT * FROM `wf_site` WHERE ( `id` = 1 ) LIMIT 1   [ RunTime:0.000141s ]
SQL: SHOW COLUMNS FROM `wf_advertise` [ RunTime:0.000711s ]
SQL: SELECT `id`,`title`,`url`,`images` FROM `wf_advertise` WHERE ( `position` = 1 ) ORDER BY sort asc  [ RunTime:0.000074s ]
INFO: [ view_parse ] --START--
NOTIC: [8] Undefined variable: test /var/www/wfcms/Runtime/Cache/Index/d7b0224c1de92bf80793a3176fd309e6.php 第 14 行.
INFO: ParseTemplate Behavior ::run [ RunTime:0.173506s ]
INFO: [ view_parse ] --END-- [ RunTime:0.173579s ]
INFO: [ view_filter ] --START--
INFO: ContentReplace Behavior ::run [ RunTime:0.000566s ]
INFO: TokenBuild Behavior ::run [ RunTime:0.000610s ]
INFO: WriteHtmlCache Behavior ::run [ RunTime:0.000401s ]
INFO: ShowRuntime Behavior ::run [ RunTime:0.000570s ]
INFO: [ view_filter ] --END-- [ RunTime:0.002333s ]

[ 2014-06-09T11:55:30+08:00 ] 121.32.130.122 /index.php
INFO: [ app_begin ] --START--
INFO: ReadHtmlCache Behavior ::run [ RunTime:0.000328s ]
INFO: [ app_begin ] --END-- [ RunTime:0.000387s ]
SQL: SHOW COLUMNS FROM `wf_site` [ RunTime:0.000928s ]
SQL: SELECT * FROM `wf_site` WHERE ( `id` = 1 ) LIMIT 1   [ RunTime:0.000093s ]
SQL: SHOW COLUMNS FROM `wf_advertise` [ RunTime:0.000722s ]
SQL: SELECT `id`,`title`,`url`,`images` FROM `wf_advertise` WHERE ( `position` = 1 ) ORDER BY sort asc  [ RunTime:0.000075s ]
INFO: [ view_parse ] --START--
NOTIC: [8] Undefined variable: test /var/www/wfcms/Runtime/Cache/Index/d7b0224c1de92bf80793a3176fd309e6.php 第 14 行.
INFO: ParseTemplate Behavior ::run [ RunTime:0.015679s ]
INFO: [ view_parse ] --END-- [ RunTime:0.015734s ]
INFO: [ view_filter ] --START--
INFO: ContentReplace Behavior ::run [ RunTime:0.000650s ]
INFO: TokenBuild Behavior ::run [ RunTime:0.000616s ]
INFO: WriteHtmlCache Behavior ::run [ RunTime:0.000443s ]
INFO: ShowRuntime Behavior ::run [ RunTime:0.000528s ]
INFO: [ view_filter ] --END-- [ RunTime:0.002382s ]
INFO: [ view_end ] --START--
INFO: ShowPageTrace Behavior ::run [ RunTime:0.000623s ]
INFO: [ view_end ] --END-- [ RunTime:0.000680s ]

[ 2014-06-09T11:55:45+08:00 ] 121.32.130.122 /index.php?g=Admin&m=Category&a=category
INFO: [ app_begin ] --START--
INFO: ReadHtmlCache Behavior ::run [ RunTime:0.000399s ]
INFO: CheckLang Behavior ::run [ RunTime:0.023187s ]
INFO: [ app_begin ] --END-- [ RunTime:0.023714s ]

[ 2014-06-09T11:55:46+08:00 ] 121.32.130.122 /index.php?g=Admin&m=Login&a=index
INFO: [ app_begin ] --START--
INFO: ReadHtmlCache Behavior ::run [ RunTime:0.000327s ]
INFO: CheckLang Behavior ::run [ RunTime:0.000496s ]
INFO: [ app_begin ] --END-- [ RunTime:0.000923s ]
INFO: [ view_parse ] --START--
INFO: ParseTemplate Behavior ::run [ RunTime:0.038977s ]
INFO: [ view_parse ] --END-- [ RunTime:0.039057s ]
INFO: [ view_filter ] --START--
INFO: ContentReplace Behavior ::run [ RunTime:0.000230s ]
INFO: TokenBuild Behavior ::run [ RunTime:0.000249s ]
INFO: WriteHtmlCache Behavior ::run [ RunTime:0.000136s ]
INFO: ShowRuntime Behavior ::run [ RunTime:0.000281s ]
INFO: [ view_filter ] --END-- [ RunTime:0.001024s ]
INFO: [ view_end ] --START--
INFO: ShowPageTrace Behavior ::run [ RunTime:0.000378s ]
INFO: [ view_end ] --END-- [ RunTime:0.000422s ]

[ 2014-06-09T11:55:47+08:00 ] 121.32.130.122 /index.php?g=Admin&m=Public&a=verify
INFO: [ app_begin ] --START--
INFO: ReadHtmlCache Behavior ::run [ RunTime:0.000329s ]
INFO: CheckLang Behavior ::run [ RunTime:0.000482s ]
INFO: [ app_begin ] --END-- [ RunTime:0.000920s ]

[ 2014-06-09T11:55:57+08:00 ] 121.32.130.122 /index.php/admin
INFO: [ route_check ] --START--
INFO: CheckRoute Behavior ::run [ RunTime:0.015168s ]
INFO: [ route_check ] --END-- [ RunTime:0.015247s ]
INFO: [ app_begin ] --START--
INFO: ReadHtmlCache Behavior ::run [ RunTime:0.000352s ]
INFO: [ app_begin ] --END-- [ RunTime:0.000407s ]
ERR: 无法加载模块:Index

[ 2014-06-09T11:56:01+08:00 ] 121.32.130.122 /index.php/Admin
INFO: [ route_check ] --START--
INFO: CheckRoute Behavior ::run [ RunTime:0.000604s ]
INFO: [ route_check ] --END-- [ RunTime:0.000671s ]
INFO: [ app_begin ] --START--
INFO: ReadHtmlCache Behavior ::run [ RunTime:0.000323s ]
INFO: CheckLang Behavior ::run [ RunTime:0.000809s ]
INFO: [ app_begin ] --END-- [ RunTime:0.001228s ]

[ 2014-06-09T11:56:02+08:00 ] 121.32.130.122 /index.php?g=Admin&m=Login&a=index
INFO: [ app_begin ] --START--
INFO: ReadHtmlCache Behavior ::run [ RunTime:0.000337s ]
INFO: CheckLang Behavior ::run [ RunTime:0.000439s ]
INFO: [ app_begin ] --END-- [ RunTime:0.000892s ]
INFO: [ view_parse ] --START--
INFO: ParseTemplate Behavior ::run [ RunTime:0.005454s ]
INFO: [ view_parse ] --END-- [ RunTime:0.005505s ]
INFO: [ view_filter ] --START--
INFO: ContentReplace Behavior ::run [ RunTime:0.000252s ]
INFO: TokenBuild Behavior ::run [ RunTime:0.000238s ]
INFO: WriteHtmlCache Behavior ::run [ RunTime:0.000134s ]
INFO: ShowRuntime Behavior ::run [ RunTime:0.000260s ]
INFO: [ view_filter ] --END-- [ RunTime:0.001012s ]
INFO: [ view_end ] --START--
INFO: ShowPageTrace Behavior ::run [ RunTime:0.000393s ]
INFO: [ view_end ] --END-- [ RunTime:0.000438s ]

[ 2014-06-09T11:56:02+08:00 ] 121.32.130.122 /index.php?g=Admin&m=Public&a=verify
INFO: [ app_begin ] --START--
INFO: ReadHtmlCache Behavior ::run [ RunTime:0.000367s ]
INFO: CheckLang Behavior ::run [ RunTime:0.000439s ]
INFO: [ app_begin ] --END-- [ RunTime:0.000897s ]

[ 2014-06-09T15:17:18+08:00 ] 183.15.19.61 /
INFO: [ app_begin ] --START--
INFO: ReadHtmlCache Behavior ::run [ RunTime:0.000845s ]
INFO: [ app_begin ] --END-- [ RunTime:0.000913s ]
SQL: SHOW COLUMNS FROM `wf_site` [ RunTime:0.000861s ]
SQL: SELECT * FROM `wf_site` WHERE ( `id` = 1 ) LIMIT 1   [ RunTime:0.000098s ]
SQL: SHOW COLUMNS FROM `wf_advertise` [ RunTime:0.000694s ]
SQL: SELECT `id`,`title`,`url`,`images` FROM `wf_advertise` WHERE ( `position` = 1 ) ORDER BY sort asc  [ RunTime:0.000081s ]
INFO: [ view_parse ] --START--
NOTIC: [8] Undefined variable: test /var/www/wfcms/Runtime/Cache/Index/d7b0224c1de92bf80793a3176fd309e6.php 第 14 行.
INFO: ParseTemplate Behavior ::run [ RunTime:0.024981s ]
INFO: [ view_parse ] --END-- [ RunTime:0.025046s ]
INFO: [ view_filter ] --START--
INFO: ContentReplace Behavior ::run [ RunTime:0.000642s ]
INFO: TokenBuild Behavior ::run [ RunTime:0.000517s ]
INFO: WriteHtmlCache Behavior ::run [ RunTime:0.000392s ]
INFO: ShowRuntime Behavior ::run [ RunTime:0.000493s ]
INFO: [ view_filter ] --END-- [ RunTime:0.002175s ]
INFO: [ view_end ] --START--
INFO: ShowPageTrace Behavior ::run [ RunTime:0.000699s ]
INFO: [ view_end ] --END-- [ RunTime:0.000745s ]

[ 2014-06-09T15:18:34+08:00 ] 183.15.19.61 /index.php?g=Admin&m=Login&a=index
INFO: [ app_begin ] --START--
INFO: ReadHtmlCache Behavior ::run [ RunTime:0.000398s ]
INFO: CheckLang Behavior ::run [ RunTime:0.031582s ]
INFO: [ app_begin ] --END-- [ RunTime:0.032143s ]
INFO: [ view_parse ] --START--
INFO: ParseTemplate Behavior ::run [ RunTime:0.023260s ]
INFO: [ view_parse ] --END-- [ RunTime:0.023344s ]
INFO: [ view_filter ] --START--
INFO: ContentReplace Behavior ::run [ RunTime:0.000266s ]
INFO: TokenBuild Behavior ::run [ RunTime:0.000346s ]
INFO: WriteHtmlCache Behavior ::run [ RunTime:0.000172s ]
INFO: ShowRuntime Behavior ::run [ RunTime:0.000264s ]
INFO: [ view_filter ] --END-- [ RunTime:0.001210s ]
INFO: [ view_end ] --START--
INFO: ShowPageTrace Behavior ::run [ RunTime:0.000396s ]
INFO: [ view_end ] --END-- [ RunTime:0.000441s ]

[ 2014-06-09T15:18:36+08:00 ] 183.15.19.61 /index.php?g=Admin&m=Public&a=verify
INFO: [ app_begin ] --START--
INFO: ReadHtmlCache Behavior ::run [ RunTime:0.000355s ]
INFO: CheckLang Behavior ::run [ RunTime:0.000508s ]
INFO: [ app_begin ] --END-- [ RunTime:0.000959s ]

[ 2014-06-09T15:18:57+08:00 ] 183.15.19.61 /index.php?g=Admin&m=Login&a=login
INFO: [ app_begin ] --START--
INFO: ReadHtmlCache Behavior ::run [ RunTime:0.000548s ]
INFO: CheckLang Behavior ::run [ RunTime:0.000730s ]
INFO: [ app_begin ] --END-- [ RunTime:0.001424s ]
SQL: SHOW COLUMNS FROM `wf_admin_user` [ RunTime:0.023410s ]
SQL: SELECT * FROM `wf_admin_user` WHERE ( `username` = 'admin' ) LIMIT 1   [ RunTime:0.019171s ]
INFO: [ view_parse ] --START--
INFO: ParseTemplate Behavior ::run [ RunTime:0.009742s ]
INFO: [ view_parse ] --END-- [ RunTime:0.009859s ]
INFO: [ view_filter ] --START--
INFO: ContentReplace Behavior ::run [ RunTime:0.000314s ]
INFO: TokenBuild Behavior ::run [ RunTime:0.000367s ]
INFO: WriteHtmlCache Behavior ::run [ RunTime:0.000198s ]
INFO: ShowRuntime Behavior ::run [ RunTime:0.000455s ]
INFO: [ view_filter ] --END-- [ RunTime:0.001537s ]
INFO: [ view_end ] --START--
INFO: ShowPageTrace Behavior ::run [ RunTime:0.000581s ]
INFO: [ view_end ] --END-- [ RunTime:0.000655s ]

[ 2014-06-09T15:19:07+08:00 ] 183.15.19.61 /index.php?g=Admin&m=Login&a=login
INFO: [ app_begin ] --START--
INFO: ReadHtmlCache Behavior ::run [ RunTime:0.000506s ]
INFO: CheckLang Behavior ::run [ RunTime:0.000695s ]
INFO: [ app_begin ] --END-- [ RunTime:0.001338s ]
SQL: SHOW COLUMNS FROM `wf_admin_user` [ RunTime:0.001727s ]
SQL: SELECT * FROM `wf_admin_user` WHERE ( `username` = 'admin' ) LIMIT 1   [ RunTime:0.000141s ]
SQL: UPDATE `wf_admin_user` SET `last_login_date`='2014-06-09 15:19:07',`last_login_ip`='183.15.19.61' WHERE ( `id` = 1 ) [ RunTime:0.022960s ]
SQL: SHOW COLUMNS FROM `wf_opt_log` [ RunTime:0.000909s ]
SQL: INSERT INTO `wf_opt_log` (`created_date`,`ip`,`username`,`uid`,`action`,`module`,`info`) VALUES ('2014-06-09 15:19:07','183.15.19.61','admin',1,'login','Login','') [ RunTime:0.002128s ]

[ 2014-06-09T15:19:08+08:00 ] 183.15.19.61 /index.php?g=Admin&m=Index&a=index
INFO: [ app_begin ] --START--
INFO: ReadHtmlCache Behavior ::run [ RunTime:0.000373s ]
INFO: CheckLang Behavior ::run [ RunTime:0.000493s ]
INFO: [ app_begin ] --END-- [ RunTime:0.000963s ]
SQL: select node.id,node.name from wf_admin_role as role,wf_admin_role_user as user,wf_admin_access as access ,wf_admin_node as node where user.user_id='1' and user.role_id=role.id and ( access.role_id=role.id  or (access.role_id=role.pid and role.pid!=0 ) ) and role.status=1 and access.node_id=node.id and node.level=1 and node.status=1 [ RunTime:0.000106s ]
INFO: [ view_parse ] --START--
INFO: ParseTemplate Behavior ::run [ RunTime:0.006773s ]
INFO: [ view_parse ] --END-- [ RunTime:0.006834s ]
INFO: [ view_filter ] --START--
INFO: ContentReplace Behavior ::run [ RunTime:0.000241s ]
INFO: TokenBuild Behavior ::run [ RunTime:0.000253s ]
INFO: WriteHtmlCache Behavior ::run [ RunTime:0.000138s ]
INFO: ShowRuntime Behavior ::run [ RunTime:0.000308s ]
INFO: [ view_filter ] --END-- [ RunTime:0.001102s ]
INFO: [ view_end ] --START--
INFO: ShowPageTrace Behavior ::run [ RunTime:0.000429s ]
INFO: [ view_end ] --END-- [ RunTime:0.000479s ]

[ 2014-06-09T15:19:13+08:00 ] 183.15.19.61 /index.php?g=Admin&m=Category&a=category
INFO: [ app_begin ] --START--
INFO: ReadHtmlCache Behavior ::run [ RunTime:0.000384s ]
INFO: CheckLang Behavior ::run [ RunTime:0.000581s ]
INFO: [ app_begin ] --END-- [ RunTime:0.001095s ]
SQL: SHOW COLUMNS FROM `wf_category` [ RunTime:0.001114s ]
SQL: SELECT `id`,`name`,parent_id pid,`type`,`model_table`,`sort` FROM `wf_category` ORDER BY sort asc,id desc  [ RunTime:0.000114s ]
INFO: [ view_parse ] --START--
NOTIC: [8] Undefined variable: cnt /var/www/wfcms/Runtime/Cache/Admin/692354f47c1d8c147fa173147882d608.php 第 49 行.
NOTIC: [8] Use of undefined constant id - assumed 'id' /var/www/wfcms/Runtime/Cache/Admin/692354f47c1d8c147fa173147882d608.php 第 53 行.
NOTIC: [8] Use of undefined constant id - assumed 'id' /var/www/wfcms/Runtime/Cache/Admin/692354f47c1d8c147fa173147882d608.php 第 53 行.
NOTIC: [8] Undefined variable: cnt /var/www/wfcms/Runtime/Cache/Admin/692354f47c1d8c147fa173147882d608.php 第 49 行.
NOTIC: [8] Use of undefined constant id - assumed 'id' /var/www/wfcms/Runtime/Cache/Admin/692354f47c1d8c147fa173147882d608.php 第 53 行.
NOTIC: [8] Use of undefined constant id - assumed 'id' /var/www/wfcms/Runtime/Cache/Admin/692354f47c1d8c147fa173147882d608.php 第 53 行.
NOTIC: [8] Undefined variable: cnt /var/www/wfcms/Runtime/Cache/Admin/692354f47c1d8c147fa173147882d608.php 第 49 行.
NOTIC: [8] Use of undefined constant id - assumed 'id' /var/www/wfcms/Runtime/Cache/Admin/692354f47c1d8c147fa173147882d608.php 第 53 行.
NOTIC: [8] Use of undefined constant id - assumed 'id' /var/www/wfcms/Runtime/Cache/Admin/692354f47c1d8c147fa173147882d608.php 第 53 行.
NOTIC: [8] Undefined variable: cnt /var/www/wfcms/Runtime/Cache/Admin/692354f47c1d8c147fa173147882d608.php 第 49 行.
NOTIC: [8] Use of undefined constant id - assumed 'id' /var/www/wfcms/Runtime/Cache/Admin/692354f47c1d8c147fa173147882d608.php 第 53 行.
NOTIC: [8] Use of undefined constant id - assumed 'id' /var/www/wfcms/Runtime/Cache/Admin/692354f47c1d8c147fa173147882d608.php 第 53 行.
NOTIC: [8] Undefined variable: cnt /var/www/wfcms/Runtime/Cache/Admin/692354f47c1d8c147fa173147882d608.php 第 49 行.
NOTIC: [8] Use of undefined constant id - assumed 'id' /var/www/wfcms/Runtime/Cache/Admin/692354f47c1d8c147fa173147882d608.php 第 53 行.
NOTIC: [8] Use of undefined constant id - assumed 'id' /var/www/wfcms/Runtime/Cache/Admin/692354f47c1d8c147fa173147882d608.php 第 53 行.
NOTIC: [8] Undefined variable: cnt /var/www/wfcms/Runtime/Cache/Admin/692354f47c1d8c147fa173147882d608.php 第 49 行.
NOTIC: [8] Use of undefined constant id - assumed 'id' /var/www/wfcms/Runtime/Cache/Admin/692354f47c1d8c147fa173147882d608.php 第 53 行.
NOTIC: [8] Use of undefined constant id - assumed 'id' /var/www/wfcms/Runtime/Cache/Admin/692354f47c1d8c147fa173147882d608.php 第 53 行.
NOTIC: [8] Undefined variable: cnt /var/www/wfcms/Runtime/Cache/Admin/692354f47c1d8c147fa173147882d608.php 第 49 行.
NOTIC: [8] Use of undefined constant id - assumed 'id' /var/www/wfcms/Runtime/Cache/Admin/692354f47c1d8c147fa173147882d608.php 第 53 行.
NOTIC: [8] Use of undefined constant id - assumed 'id' /var/www/wfcms/Runtime/Cache/Admin/692354f47c1d8c147fa173147882d608.php 第 53 行.
NOTIC: [8] Undefined variable: cnt /var/www/wfcms/Runtime/Cache/Admin/692354f47c1d8c147fa173147882d608.php 第 49 行.
NOTIC: [8] Use of undefined constant id - assumed 'id' /var/www/wfcms/Runtime/Cache/Admin/692354f47c1d8c147fa173147882d608.php 第 53 行.
NOTIC: [8] Use of undefined constant id - assumed 'id' /var/www/wfcms/Runtime/Cache/Admin/692354f47c1d8c147fa173147882d608.php 第 53 行.
NOTIC: [8] Undefined variable: cnt /var/www/wfcms/Runtime/Cache/Admin/692354f47c1d8c147fa173147882d608.php 第 49 行.
NOTIC: [8] Use of undefined constant id - assumed 'id' /var/www/wfcms/Runtime/Cache/Admin/692354f47c1d8c147fa173147882d608.php 第 53 行.
NOTIC: [8] Use of undefined constant id - assumed 'id' /var/www/wfcms/Runtime/Cache/Admin/692354f47c1d8c147fa173147882d608.php 第 53 行.
NOTIC: [8] Undefined variable: cnt /var/www/wfcms/Runtime/Cache/Admin/692354f47c1d8c147fa173147882d608.php 第 49 行.
NOTIC: [8] Use of undefined constant id - assumed 'id' /var/www/wfcms/Runtime/Cache/Admin/692354f47c1d8c147fa173147882d608.php 第 53 行.
NOTIC: [8] Use of undefined constant id - assumed 'id' /var/www/wfcms/Runtime/Cache/Admin/692354f47c1d8c147fa173147882d608.php 第 53 行.
NOTIC: [8] Undefined variable: cnt /var/www/wfcms/Runtime/Cache/Admin/692354f47c1d8c147fa173147882d608.php 第 49 行.
NOTIC: [8] Use of undefined constant id - assumed 'id' /var/www/wfcms/Runtime/Cache/Admin/692354f47c1d8c147fa173147882d608.php 第 53 行.
NOTIC: [8] Use of undefined constant id - assumed 'id' /var/www/wfcms/Runtime/Cache/Admin/692354f47c1d8c147fa173147882d608.php 第 53 行.
NOTIC: [8] Undefined variable: cnt /var/www/wfcms/Runtime/Cache/Admin/692354f47c1d8c147fa173147882d608.php 第 49 行.
NOTIC: [8] Use of undefined constant id - assumed 'id' /var/www/wfcms/Runtime/Cache/Admin/692354f47c1d8c147fa173147882d608.php 第 53 行.
NOTIC: [8] Use of undefined constant id - assumed 'id' /var/www/wfcms/Runtime/Cache/Admin/692354f47c1d8c147fa173147882d608.php 第 53 行.
NOTIC: [8] Undefined variable: cnt /var/www/wfcms/Runtime/Cache/Admin/692354f47c1d8c147fa173147882d608.php 第 49 行.
NOTIC: [8] Use of undefined constant id - assumed 'id' /var/www/wfcms/Runtime/Cache/Admin/692354f47c1d8c147fa173147882d608.php 第 53 行.
NOTIC: [8] Use of undefined constant id - assumed 'id' /var/www/wfcms/Runtime/Cache/Admin/692354f47c1d8c147fa173147882d608.php 第 53 行.
NOTIC: [8] Undefined variable: cnt /var/www/wfcms/Runtime/Cache/Admin/692354f47c1d8c147fa173147882d608.php 第 49 行.
NOTIC: [8] Use of undefined constant id - assumed 'id' /var/www/wfcms/Runtime/Cache/Admin/692354f47c1d8c147fa173147882d608.php 第 53 行.
NOTIC: [8] Use of undefined constant id - assumed 'id' /var/www/wfcms/Runtime/Cache/Admin/692354f47c1d8c147fa173147882d608.php 第 53 行.
NOTIC: [8] Undefined variable: cnt /var/www/wfcms/Runtime/Cache/Admin/692354f47c1d8c147fa173147882d608.php 第 49 行.
NOTIC: [8] Use of undefined constant id - assumed 'id' /var/www/wfcms/Runtime/Cache/Admin/692354f47c1d8c147fa173147882d608.php 第 53 行.
NOTIC: [8] Use of undefined constant id - assumed 'id' /var/www/wfcms/Runtime/Cache/Admin/692354f47c1d8c147fa173147882d608.php 第 53 行.
NOTIC: [8] Undefined variable: cnt /var/www/wfcms/Runtime/Cache/Admin/692354f47c1d8c147fa173147882d608.php 第 49 行.
NOTIC: [8] Use of undefined constant id - assumed 'id' /var/www/wfcms/Runtime/Cache/Admin/692354f47c1d8c147fa173147882d608.php 第 53 行.
NOTIC: [8] Use of undefined constant id - assumed 'id' /var/www/wfcms/Runtime/Cache/Admin/692354f47c1d8c147fa173147882d608.php 第 53 行.
NOTIC: [8] Undefined variable: cnt /var/www/wfcms/Runtime/Cache/Admin/692354f47c1d8c147fa173147882d608.php 第 49 行.
NOTIC: [8] Use of undefined constant id - assumed 'id' /var/www/wfcms/Runtime/Cache/Admin/692354f47c1d8c147fa173147882d608.php 第 53 行.
NOTIC: [8] Use of undefined constant id - assumed 'id' /var/www/wfcms/Runtime/Cache/Admin/692354f47c1d8c147fa173147882d608.php 第 53 行.
NOTIC: [8] Undefined variable: cnt /var/www/wfcms/Runtime/Cache/Admin/692354f47c1d8c147fa173147882d608.php 第 49 行.
NOTIC: [8] Use of undefined constant id - assumed 'id' /var/www/wfcms/Runtime/Cache/Admin/692354f47c1d8c147fa173147882d608.php 第 53 行.
NOTIC: [8] Use of undefined constant id - assumed 'id' /var/www/wfcms/Runtime/Cache/Admin/692354f47c1d8c147fa173147882d608.php 第 53 行.
NOTIC: [8] Undefined variable: cnt /var/www/wfcms/Runtime/Cache/Admin/692354f47c1d8c147fa173147882d608.php 第 49 行.
NOTIC: [8] Use of undefined constant id - assumed 'id' /var/www/wfcms/Runtime/Cache/Admin/692354f47c1d8c147fa173147882d608.php 第 53 行.
NOTIC: [8] Use of undefined constant id - assumed 'id' /var/www/wfcms/Runtime/Cache/Admin/692354f47c1d8c147fa173147882d608.php 第 53 行.
NOTIC: [8] Undefined variable: cnt /var/www/wfcms/Runtime/Cache/Admin/692354f47c1d8c147fa173147882d608.php 第 49 行.
NOTIC: [8] Use of undefined constant id - assumed 'id' /var/www/wfcms/Runtime/Cache/Admin/692354f47c1d8c147fa173147882d608.php 第 53 行.
NOTIC: [8] Use of undefined constant id - assumed 'id' /var/www/wfcms/Runtime/Cache/Admin/692354f47c1d8c147fa173147882d608.php 第 53 行.
NOTIC: [8] Undefined variable: cnt /var/www/wfcms/Runtime/Cache/Admin/692354f47c1d8c147fa173147882d608.php 第 49 行.
NOTIC: [8] Use of undefined constant id - assumed 'id' /var/www/wfcms/Runtime/Cache/Admin/692354f47c1d8c147fa173147882d608.php 第 53 行.
NOTIC: [8] Use of undefined constant id - assumed 'id' /var/www/wfcms/Runtime/Cache/Admin/692354f47c1d8c147fa173147882d608.php 第 53 行.
INFO: ParseTemplate Behavior ::run [ RunTime:0.015496s ]
INFO: [ view_parse ] --END-- [ RunTime:0.015584s ]
INFO: [ view_filter ] --START--
INFO: ContentReplace Behavior ::run [ RunTime:0.000444s ]
INFO: TokenBuild Behavior ::run [ RunTime:0.000455s ]
INFO: WriteHtmlCache Behavior ::run [ RunTime:0.000331s ]
INFO: ShowRuntime Behavior ::run [ RunTime:0.000449s ]
INFO: [ view_filter ] --END-- [ RunTime:0.001886s ]
INFO: [ view_end ] --START--
INFO: ShowPageTrace Behavior ::run [ RunTime:0.000586s ]
INFO: [ view_end ] --END-- [ RunTime:0.000659s ]

[ 2014-06-09T15:19:22+08:00 ] 183.15.19.61 /index.php?g=Admin&m=Advertise&a=index
INFO: [ app_begin ] --START--
INFO: ReadHtmlCache Behavior ::run [ RunTime:0.000343s ]
INFO: CheckLang Behavior ::run [ RunTime:0.000492s ]
INFO: [ app_begin ] --END-- [ RunTime:0.000936s ]
SQL: SHOW COLUMNS FROM `wf_advertise` [ RunTime:0.001179s ]
NOTIC: [8] Undefined variable: map /var/www/wfcms/Modules/Admin/Action/AdvertiseAction.class.php 第 20 行.
SQL: SELECT COUNT(*) AS tp_count FROM `wf_advertise` LIMIT 1   [ RunTime:0.019722s ]
NOTIC: [8] Undefined variable: map /var/www/wfcms/Modules/Admin/Action/AdvertiseAction.class.php 第 28 行.
SQL: SELECT * FROM `wf_advertise` ORDER BY sort asc,id desc LIMIT 0,20   [ RunTime:0.000262s ]
INFO: [ view_parse ] --START--
INFO: ParseTemplate Behavior ::run [ RunTime:0.007786s ]
INFO: [ view_parse ] --END-- [ RunTime:0.007843s ]
INFO: [ view_filter ] --START--
INFO: ContentReplace Behavior ::run [ RunTime:0.000231s ]
INFO: TokenBuild Behavior ::run [ RunTime:0.000274s ]
INFO: WriteHtmlCache Behavior ::run [ RunTime:0.000138s ]
INFO: ShowRuntime Behavior ::run [ RunTime:0.000263s ]
INFO: [ view_filter ] --END-- [ RunTime:0.001037s ]
INFO: [ view_end ] --START--
INFO: ShowPageTrace Behavior ::run [ RunTime:0.000394s ]
INFO: [ view_end ] --END-- [ RunTime:0.000437s ]

