[ 2014-05-06T19:38:52+08:00 ] 110.209.191.38 /
INFO: [ app_begin ] --START--
INFO: ReadHtmlCache Behavior ::run [ RunTime:0.001016s ]
INFO: [ app_begin ] --END-- [ RunTime:0.001106s ]
SQL: SHOW COLUMNS FROM `wf_site` [ RunTime:0.005695s ]
SQL: SELECT * FROM `wf_site` WHERE ( `id` = 1 ) LIMIT 1   [ RunTime:0.000123s ]
SQL: SHOW COLUMNS FROM `wf_advertise` [ RunTime:0.000876s ]
SQL: SELECT `id`,`title`,`url`,`images` FROM `wf_advertise` WHERE ( `position` = 1 ) ORDER BY sort asc  [ RunTime:0.000086s ]
INFO: [ view_parse ] --START--
NOTIC: [8] Undefined variable: test /var/www/wfcms/Runtime/Cache/Index/d7b0224c1de92bf80793a3176fd309e6.php 第 14 行.
INFO: ParseTemplate Behavior ::run [ RunTime:0.033268s ]
INFO: [ view_parse ] --END-- [ RunTime:0.033373s ]
INFO: [ view_filter ] --START--
INFO: ContentReplace Behavior ::run [ RunTime:0.000693s ]
INFO: TokenBuild Behavior ::run [ RunTime:0.000528s ]
INFO: WriteHtmlCache Behavior ::run [ RunTime:0.000374s ]
INFO: ShowRuntime Behavior ::run [ RunTime:0.000532s ]
INFO: [ view_filter ] --END-- [ RunTime:0.002268s ]
INFO: [ view_end ] --START--
INFO: ShowPageTrace Behavior ::run [ RunTime:0.000677s ]
INFO: [ view_end ] --END-- [ RunTime:0.000725s ]

[ 2014-05-06T19:39:08+08:00 ] 110.209.191.38 /index.php?g=Index&m=Index&a=products
INFO: [ app_begin ] --START--
INFO: ReadHtmlCache Behavior ::run [ RunTime:0.000513s ]
INFO: [ app_begin ] --END-- [ RunTime:0.000608s ]
SQL: SHOW COLUMNS FROM `wf_site` [ RunTime:0.001122s ]
SQL: SELECT * FROM `wf_site` WHERE ( `id` = 1 ) LIMIT 1   [ RunTime:0.000115s ]
SQL: SHOW COLUMNS FROM `wf_category` [ RunTime:0.000969s ]
SQL: SELECT `id`,`name`,`type`,`images` FROM `wf_category` WHERE ( `parent_id` = 14 ) ORDER BY sort asc,id desc  [ RunTime:0.000100s ]
NOTIC: [8] Indirect modification of overloaded property IndexAction::$category has no effect /var/www/wfcms/Modules/Index/Action/IndexAction.class.php 第 82 行.
SQL: SHOW COLUMNS FROM `wf_product` [ RunTime:0.016738s ]
SQL: SELECT * FROM `wf_product` WHERE ( `parent_id` = 18 ) ORDER BY sort asc,id desc  [ RunTime:0.000108s ]
INFO: [ view_parse ] --START--
NOTIC: [8] Undefined variable: test /var/www/wfcms/Runtime/Cache/Index/48ae2883003b94f4b1e0af3f1275b892.php 第 14 行.
INFO: ParseTemplate Behavior ::run [ RunTime:0.026617s ]
INFO: [ view_parse ] --END-- [ RunTime:0.026689s ]
INFO: [ view_filter ] --START--
INFO: ContentReplace Behavior ::run [ RunTime:0.000384s ]
INFO: TokenBuild Behavior ::run [ RunTime:0.000319s ]
INFO: WriteHtmlCache Behavior ::run [ RunTime:0.000179s ]
INFO: ShowRuntime Behavior ::run [ RunTime:0.000300s ]
INFO: [ view_filter ] --END-- [ RunTime:0.001331s ]
INFO: [ view_end ] --START--
INFO: ShowPageTrace Behavior ::run [ RunTime:0.000442s ]
INFO: [ view_end ] --END-- [ RunTime:0.000495s ]

[ 2014-05-06T19:39:10+08:00 ] 110.209.191.38 /index.php?g=Index&m=Index&a=news
INFO: [ app_begin ] --START--
INFO: ReadHtmlCache Behavior ::run [ RunTime:0.000526s ]
INFO: [ app_begin ] --END-- [ RunTime:0.000620s ]
SQL: SHOW COLUMNS FROM `wf_site` [ RunTime:0.018831s ]
SQL: SELECT * FROM `wf_site` WHERE ( `id` = 1 ) LIMIT 1   [ RunTime:0.000108s ]
SQL: SHOW COLUMNS FROM `wf_category` [ RunTime:0.000917s ]
SQL: SELECT `id`,`name`,`type`,`images` FROM `wf_category` WHERE ( `parent_id` = 19 ) ORDER BY sort asc,id desc  [ RunTime:0.000089s ]
NOTIC: [8] Indirect modification of overloaded property IndexAction::$category has no effect /var/www/wfcms/Modules/Index/Action/IndexAction.class.php 第 54 行.
SQL: SHOW COLUMNS FROM `wf_news` [ RunTime:0.000781s ]
SQL: SELECT * FROM `wf_news` WHERE ( `status` = 1 ) AND ( `parent_id` = 20 ) ORDER BY sort asc,id desc  [ RunTime:0.000091s ]
INFO: [ view_parse ] --START--
NOTIC: [8] Undefined variable: test /var/www/wfcms/Runtime/Cache/Index/efe589502015cc33b77bb08cdf3a6f5b.php 第 14 行.
INFO: ParseTemplate Behavior ::run [ RunTime:0.014398s ]
INFO: [ view_parse ] --END-- [ RunTime:0.014489s ]
INFO: [ view_filter ] --START--
INFO: ContentReplace Behavior ::run [ RunTime:0.000323s ]
INFO: TokenBuild Behavior ::run [ RunTime:0.000314s ]
INFO: WriteHtmlCache Behavior ::run [ RunTime:0.000178s ]
INFO: ShowRuntime Behavior ::run [ RunTime:0.000268s ]
INFO: [ view_filter ] --END-- [ RunTime:0.001241s ]
INFO: [ view_end ] --START--
INFO: ShowPageTrace Behavior ::run [ RunTime:0.000556s ]
INFO: [ view_end ] --END-- [ RunTime:0.000619s ]

[ 2014-05-06T19:39:11+08:00 ] 110.209.191.38 /index.php?g=Index&m=Index&a=sellers
INFO: [ app_begin ] --START--
INFO: ReadHtmlCache Behavior ::run [ RunTime:0.000379s ]
INFO: [ app_begin ] --END-- [ RunTime:0.000444s ]
SQL: SHOW COLUMNS FROM `wf_site` [ RunTime:0.001065s ]
SQL: SELECT * FROM `wf_site` WHERE ( `id` = 1 ) LIMIT 1   [ RunTime:0.000116s ]
SQL: SHOW COLUMNS FROM `wf_category` [ RunTime:0.000980s ]
SQL: SELECT `id`,`name`,`type`,`images` FROM `wf_category` WHERE ( `parent_id` = 26 ) ORDER BY sort asc,id desc  [ RunTime:0.000093s ]
NOTIC: [8] Indirect modification of overloaded property IndexAction::$category has no effect /var/www/wfcms/Modules/Index/Action/IndexAction.class.php 第 113 行.
NOTIC: [8] Indirect modification of overloaded property IndexAction::$category has no effect /var/www/wfcms/Modules/Index/Action/IndexAction.class.php 第 114 行.
SQL: SHOW COLUMNS FROM `wf_product` [ RunTime:0.000972s ]
SQL: SELECT * FROM `wf_product` WHERE ( `parent_id` = 27 )  [ RunTime:0.000095s ]
SQL: SELECT * FROM `wf_product` WHERE ( `parent_id` = 28 )  [ RunTime:0.000086s ]
INFO: [ view_parse ] --START--
NOTIC: [8] Undefined variable: test /var/www/wfcms/Runtime/Cache/Index/eb6a9c7fc10921302ede1d85d71cfdf4.php 第 14 行.
INFO: ParseTemplate Behavior ::run [ RunTime:0.011995s ]
INFO: [ view_parse ] --END-- [ RunTime:0.012055s ]
INFO: [ view_filter ] --START--
INFO: ContentReplace Behavior ::run [ RunTime:0.000325s ]
INFO: TokenBuild Behavior ::run [ RunTime:0.000293s ]
INFO: WriteHtmlCache Behavior ::run [ RunTime:0.000136s ]
INFO: ShowRuntime Behavior ::run [ RunTime:0.000268s ]
INFO: [ view_filter ] --END-- [ RunTime:0.001150s ]
INFO: [ view_end ] --START--
INFO: ShowPageTrace Behavior ::run [ RunTime:0.000391s ]
INFO: [ view_end ] --END-- [ RunTime:0.000436s ]

[ 2014-05-06T19:39:13+08:00 ] 110.209.191.38 /index.php?g=Index&m=Index&a=new_products
INFO: [ app_begin ] --START--
INFO: ReadHtmlCache Behavior ::run [ RunTime:0.000363s ]
INFO: [ app_begin ] --END-- [ RunTime:0.000431s ]
SQL: SHOW COLUMNS FROM `wf_site` [ RunTime:0.001608s ]
SQL: SELECT * FROM `wf_site` WHERE ( `id` = 1 ) LIMIT 1   [ RunTime:0.000130s ]
SQL: SHOW COLUMNS FROM `wf_product` [ RunTime:0.000930s ]
SQL: SELECT * FROM `wf_product` WHERE ( `parent_id` = 29 )  [ RunTime:0.000118s ]
INFO: [ view_parse ] --START--
NOTIC: [8] Undefined variable: test /var/www/wfcms/Runtime/Cache/Index/5089db16c05af7e05fa1d6a222a9ae7c.php 第 14 行.
INFO: ParseTemplate Behavior ::run [ RunTime:0.010784s ]
INFO: [ view_parse ] --END-- [ RunTime:0.010852s ]
INFO: [ view_filter ] --START--
INFO: ContentReplace Behavior ::run [ RunTime:0.000290s ]
INFO: TokenBuild Behavior ::run [ RunTime:0.000272s ]
INFO: WriteHtmlCache Behavior ::run [ RunTime:0.000180s ]
INFO: ShowRuntime Behavior ::run [ RunTime:0.000311s ]
INFO: [ view_filter ] --END-- [ RunTime:0.001194s ]
INFO: [ view_end ] --START--
INFO: ShowPageTrace Behavior ::run [ RunTime:0.000417s ]
INFO: [ view_end ] --END-- [ RunTime:0.000465s ]

[ 2014-05-06T19:39:15+08:00 ] 110.209.191.38 /index.php?g=Index&m=Index&a=index
INFO: [ app_begin ] --START--
INFO: ReadHtmlCache Behavior ::run [ RunTime:0.000414s ]
INFO: [ app_begin ] --END-- [ RunTime:0.000495s ]
SQL: SHOW COLUMNS FROM `wf_site` [ RunTime:0.001099s ]
SQL: SELECT * FROM `wf_site` WHERE ( `id` = 1 ) LIMIT 1   [ RunTime:0.000239s ]
SQL: SHOW COLUMNS FROM `wf_advertise` [ RunTime:0.000949s ]
SQL: SELECT `id`,`title`,`url`,`images` FROM `wf_advertise` WHERE ( `position` = 1 ) ORDER BY sort asc  [ RunTime:0.000092s ]
INFO: [ view_parse ] --START--
NOTIC: [8] Undefined variable: test /var/www/wfcms/Runtime/Cache/Index/d7b0224c1de92bf80793a3176fd309e6.php 第 14 行.
INFO: ParseTemplate Behavior ::run [ RunTime:0.010255s ]
INFO: [ view_parse ] --END-- [ RunTime:0.010339s ]
INFO: [ view_filter ] --START--
INFO: ContentReplace Behavior ::run [ RunTime:0.000372s ]
INFO: TokenBuild Behavior ::run [ RunTime:0.000312s ]
INFO: WriteHtmlCache Behavior ::run [ RunTime:0.000179s ]
INFO: ShowRuntime Behavior ::run [ RunTime:0.000314s ]
INFO: [ view_filter ] --END-- [ RunTime:0.001356s ]
INFO: [ view_end ] --START--
INFO: ShowPageTrace Behavior ::run [ RunTime:0.000427s ]
INFO: [ view_end ] --END-- [ RunTime:0.000475s ]

[ 2014-05-06T19:39:17+08:00 ] 110.209.191.38 /index.php?g=Index&m=Index&a=about
INFO: [ app_begin ] --START--
INFO: ReadHtmlCache Behavior ::run [ RunTime:0.000378s ]
INFO: [ app_begin ] --END-- [ RunTime:0.000450s ]
SQL: SHOW COLUMNS FROM `wf_site` [ RunTime:0.000934s ]
SQL: SELECT * FROM `wf_site` WHERE ( `id` = 1 ) LIMIT 1   [ RunTime:0.000098s ]
SQL: SHOW COLUMNS FROM `wf_category` [ RunTime:0.000857s ]
SQL: SELECT `id`,`name`,`type`,`images` FROM `wf_category` WHERE ( `parent_id` = 9 ) ORDER BY sort asc,id desc  [ RunTime:0.000092s ]
NOTIC: [8] Indirect modification of overloaded property IndexAction::$category has no effect /var/www/wfcms/Modules/Index/Action/IndexAction.class.php 第 42 行.
SQL: SHOW COLUMNS FROM `wf_news` [ RunTime:0.000742s ]
SQL: SELECT * FROM `wf_news` WHERE ( `parent_id` = 23 ) LIMIT 1   [ RunTime:0.000079s ]
INFO: [ view_parse ] --START--
NOTIC: [8] Undefined variable: test /var/www/wfcms/Runtime/Cache/Index/e91a89b95183f3a519a4a8aff8cdfcdb.php 第 14 行.
INFO: ParseTemplate Behavior ::run [ RunTime:0.010308s ]
INFO: [ view_parse ] --END-- [ RunTime:0.010363s ]
INFO: [ view_filter ] --START--
INFO: ContentReplace Behavior ::run [ RunTime:0.000264s ]
INFO: TokenBuild Behavior ::run [ RunTime:0.000258s ]
INFO: WriteHtmlCache Behavior ::run [ RunTime:0.000169s ]
INFO: ShowRuntime Behavior ::run [ RunTime:0.000261s ]
INFO: [ view_filter ] --END-- [ RunTime:0.001090s ]
INFO: [ view_end ] --START--
INFO: ShowPageTrace Behavior ::run [ RunTime:0.000419s ]
INFO: [ view_end ] --END-- [ RunTime:0.000464s ]

[ 2014-05-06T19:39:18+08:00 ] 110.209.191.38 /index.php?g=Index&m=Index&a=products
INFO: [ app_begin ] --START--
INFO: ReadHtmlCache Behavior ::run [ RunTime:0.000327s ]
INFO: [ app_begin ] --END-- [ RunTime:0.000391s ]
SQL: SHOW COLUMNS FROM `wf_site` [ RunTime:0.001083s ]
SQL: SELECT * FROM `wf_site` WHERE ( `id` = 1 ) LIMIT 1   [ RunTime:0.000093s ]
SQL: SHOW COLUMNS FROM `wf_category` [ RunTime:0.000888s ]
SQL: SELECT `id`,`name`,`type`,`images` FROM `wf_category` WHERE ( `parent_id` = 14 ) ORDER BY sort asc,id desc  [ RunTime:0.000081s ]
NOTIC: [8] Indirect modification of overloaded property IndexAction::$category has no effect /var/www/wfcms/Modules/Index/Action/IndexAction.class.php 第 82 行.
SQL: SHOW COLUMNS FROM `wf_product` [ RunTime:0.001064s ]
SQL: SELECT * FROM `wf_product` WHERE ( `parent_id` = 18 ) ORDER BY sort asc,id desc  [ RunTime:0.000095s ]
INFO: [ view_parse ] --START--
NOTIC: [8] Undefined variable: test /var/www/wfcms/Runtime/Cache/Index/48ae2883003b94f4b1e0af3f1275b892.php 第 14 行.
INFO: ParseTemplate Behavior ::run [ RunTime:0.013964s ]
INFO: [ view_parse ] --END-- [ RunTime:0.014038s ]
INFO: [ view_filter ] --START--
INFO: ContentReplace Behavior ::run [ RunTime:0.000459s ]
INFO: TokenBuild Behavior ::run [ RunTime:0.000376s ]
INFO: WriteHtmlCache Behavior ::run [ RunTime:0.000211s ]
INFO: ShowRuntime Behavior ::run [ RunTime:0.000369s ]
INFO: [ view_filter ] --END-- [ RunTime:0.001603s ]
INFO: [ view_end ] --START--
INFO: ShowPageTrace Behavior ::run [ RunTime:0.000381s ]
INFO: [ view_end ] --END-- [ RunTime:0.000439s ]

