[ 2014-07-20T23:55:44+08:00 ] 14.150.215.112 /
INFO: [ app_begin ] --START--
INFO: ReadHtmlCache Behavior ::run [ RunTime:0.000869s ]
INFO: [ app_begin ] --END-- [ RunTime:0.000945s ]
SQL: SHOW COLUMNS FROM `wf_site` [ RunTime:0.046556s ]
SQL: SELECT * FROM `wf_site` WHERE ( `id` = 1 ) LIMIT 1   [ RunTime:0.001648s ]
SQL: SHOW COLUMNS FROM `wf_advertise` [ RunTime:0.030045s ]
SQL: SELECT `id`,`title`,`url`,`images` FROM `wf_advertise` WHERE ( `position` = 1 ) ORDER BY sort asc  [ RunTime:0.029802s ]
INFO: [ view_parse ] --START--
NOTIC: [8] Undefined variable: test /var/www/wfcms/Runtime/Cache/Index/d7b0224c1de92bf80793a3176fd309e6.php 第 14 行.
INFO: ParseTemplate Behavior ::run [ RunTime:0.056083s ]
INFO: [ view_parse ] --END-- [ RunTime:0.056167s ]
INFO: [ view_filter ] --START--
INFO: ContentReplace Behavior ::run [ RunTime:0.000754s ]
INFO: TokenBuild Behavior ::run [ RunTime:0.000570s ]
INFO: WriteHtmlCache Behavior ::run [ RunTime:0.000364s ]
INFO: ShowRuntime Behavior ::run [ RunTime:0.000524s ]
INFO: [ view_filter ] --END-- [ RunTime:0.002401s ]
INFO: [ view_end ] --START--
INFO: ShowPageTrace Behavior ::run [ RunTime:0.000713s ]
INFO: [ view_end ] --END-- [ RunTime:0.000760s ]

