[ 2014-05-15T15:38:56+08:00 ] 121.32.130.122 /index.php
INFO: [ app_begin ] --START--
INFO: ReadHtmlCache Behavior ::run [ RunTime:0.000944s ]
INFO: [ app_begin ] --END-- [ RunTime:0.001043s ]
SQL: SHOW COLUMNS FROM `wf_site` [ RunTime:0.004218s ]
SQL: SELECT * FROM `wf_site` WHERE ( `id` = 1 ) LIMIT 1   [ RunTime:0.000146s ]
SQL: SHOW COLUMNS FROM `wf_advertise` [ RunTime:0.000984s ]
SQL: SELECT `id`,`title`,`url`,`images` FROM `wf_advertise` WHERE ( `position` = 1 ) ORDER BY sort asc  [ RunTime:0.000113s ]
INFO: [ view_parse ] --START--
NOTIC: [8] Undefined variable: test /var/www/wfcms/Runtime/Cache/Index/d7b0224c1de92bf80793a3176fd309e6.php 第 14 行.
INFO: ParseTemplate Behavior ::run [ RunTime:0.050455s ]
INFO: [ view_parse ] --END-- [ RunTime:0.050548s ]
INFO: [ view_filter ] --START--
INFO: ContentReplace Behavior ::run [ RunTime:0.000711s ]
INFO: TokenBuild Behavior ::run [ RunTime:0.000655s ]
INFO: WriteHtmlCache Behavior ::run [ RunTime:0.000428s ]
INFO: ShowRuntime Behavior ::run [ RunTime:0.000612s ]
INFO: [ view_filter ] --END-- [ RunTime:0.002610s ]
INFO: [ view_end ] --START--
INFO: ShowPageTrace Behavior ::run [ RunTime:0.000657s ]
INFO: [ view_end ] --END-- [ RunTime:0.000715s ]

[ 2014-05-15T15:39:05+08:00 ] 121.32.130.122 /index.php/Admin/Login/index.html
INFO: [ route_check ] --START--
INFO: CheckRoute Behavior ::run [ RunTime:0.012616s ]
INFO: [ route_check ] --END-- [ RunTime:0.012702s ]
INFO: [ app_begin ] --START--
INFO: ReadHtmlCache Behavior ::run [ RunTime:0.000360s ]
INFO: CheckLang Behavior ::run [ RunTime:0.014889s ]
INFO: [ app_begin ] --END-- [ RunTime:0.015386s ]
INFO: [ view_parse ] --START--
INFO: ParseTemplate Behavior ::run [ RunTime:0.022918s ]
INFO: [ view_parse ] --END-- [ RunTime:0.023031s ]
INFO: [ view_filter ] --START--
INFO: ContentReplace Behavior ::run [ RunTime:0.000407s ]
INFO: TokenBuild Behavior ::run [ RunTime:0.000379s ]
INFO: WriteHtmlCache Behavior ::run [ RunTime:0.000182s ]
INFO: ShowRuntime Behavior ::run [ RunTime:0.000378s ]
INFO: [ view_filter ] --END-- [ RunTime:0.001549s ]
INFO: [ view_end ] --START--
INFO: ShowPageTrace Behavior ::run [ RunTime:0.000591s ]
INFO: [ view_end ] --END-- [ RunTime:0.000659s ]

[ 2014-05-15T15:39:05+08:00 ] 121.32.130.122 /index.php?g=Admin&m=Public&a=verify
INFO: [ app_begin ] --START--
INFO: ReadHtmlCache Behavior ::run [ RunTime:0.000495s ]
INFO: CheckLang Behavior ::run [ RunTime:0.000710s ]
INFO: [ app_begin ] --END-- [ RunTime:0.001331s ]

[ 2014-05-15T15:39:10+08:00 ] 121.32.130.122 /index.php?g=Admin&m=Login&a=login
INFO: [ app_begin ] --START--
INFO: ReadHtmlCache Behavior ::run [ RunTime:0.000331s ]
INFO: CheckLang Behavior ::run [ RunTime:0.000490s ]
INFO: [ app_begin ] --END-- [ RunTime:0.001012s ]
SQL: SHOW COLUMNS FROM `wf_admin_user` [ RunTime:0.001452s ]
SQL: SELECT * FROM `wf_admin_user` WHERE ( `username` = 'admin' ) LIMIT 1   [ RunTime:0.000118s ]
INFO: [ view_parse ] --START--
INFO: ParseTemplate Behavior ::run [ RunTime:0.008639s ]
INFO: [ view_parse ] --END-- [ RunTime:0.008754s ]
INFO: [ view_filter ] --START--
INFO: ContentReplace Behavior ::run [ RunTime:0.000332s ]
INFO: TokenBuild Behavior ::run [ RunTime:0.000252s ]
INFO: WriteHtmlCache Behavior ::run [ RunTime:0.000151s ]
INFO: ShowRuntime Behavior ::run [ RunTime:0.000346s ]
INFO: [ view_filter ] --END-- [ RunTime:0.001226s ]
INFO: [ view_end ] --START--
INFO: ShowPageTrace Behavior ::run [ RunTime:0.000395s ]
INFO: [ view_end ] --END-- [ RunTime:0.000443s ]

